<?xml version="1.0" encoding="UTF-8"?>
<!-- Generated by org.testng.reporters.JUnitXMLReporter -->
<testsuite hostname="Shiva" name="Test1" tests="2" failures="1" timestamp="19 Jan 2020 12:10:17 GMT" time="9.142" errors="0">
  <testcase name="display1" time="9.082" classname="com.sample.bimbo.Fileupload"/>
  <testcase name="display3" time="0.004" classname="com.sample.bimbo.FrameProgram">
    <failure type="java.lang.NullPointerException">
      <![CDATA[java.lang.NullPointerException
	at com.sample.bimbo.FrameProgram.display3(FrameProgram.java:24)
	at java.util.concurrent.FutureTask.run(FutureTask.java:266)
	at java.util.concurrent.ThreadPoolExecutor.runWorker(ThreadPoolExecutor.java:1142)
	at java.util.concurrent.ThreadPoolExecutor$Worker.run(ThreadPoolExecutor.java:617)
	at java.lang.Thread.run(Thread.java:745)
... Removed 16 stack frames]]>
    </failure>
  </testcase> <!-- display3 -->
</testsuite> <!-- Test1 -->
