<?xml version="1.0" encoding="UTF-8"?>
<!-- Generated by org.testng.reporters.JUnitXMLReporter -->
<testsuite hostname="Shiva" name="Test2" tests="2" failures="1" timestamp="19 Jan 2020 12:10:20 GMT" time="12.28" errors="0">
  <testcase name="display" time="0.028" classname="com.sample.Test.IETesting">
    <failure type="java.lang.NullPointerException">
      <![CDATA[java.lang.NullPointerException
	at com.sample.Test.IETesting.display(IETesting.java:22)
	at java.util.concurrent.FutureTask.run(FutureTask.java:266)
	at java.util.concurrent.ThreadPoolExecutor.runWorker(ThreadPoolExecutor.java:1142)
	at java.util.concurrent.ThreadPoolExecutor$Worker.run(ThreadPoolExecutor.java:617)
	at java.lang.Thread.run(Thread.java:745)
... Removed 16 stack frames]]>
    </failure>
  </testcase> <!-- display -->
  <testcase name="display" time="12.184" classname="com.sample.Test.ScrollBar"/>
</testsuite> <!-- Test2 -->
