<?xml version="1.0" encoding="UTF-8"?>
<!-- Generated by org.testng.reporters.JUnitXMLReporter -->
<testsuite hostname="Shiva" name="Test" tests="1" failures="1" timestamp="23 Jan 2020 08:13:04 GMT" time="0.084" errors="0">
  <testcase name="display3" time="0.024" classname="com.sample.bimbo.FrameProgram">
    <failure type="java.lang.NullPointerException">
      <![CDATA[java.lang.NullPointerException
	at com.sample.bimbo.FrameProgram.display3(FrameProgram.java:24)
	at java.util.concurrent.FutureTask.run(FutureTask.java:266)
	at java.util.concurrent.ThreadPoolExecutor.runWorker(ThreadPoolExecutor.java:1142)
	at java.util.concurrent.ThreadPoolExecutor$Worker.run(ThreadPoolExecutor.java:617)
	at java.lang.Thread.run(Thread.java:745)
... Removed 16 stack frames]]>
    </failure>
  </testcase> <!-- display3 -->
</testsuite> <!-- Test -->
