<?xml version="1.0" encoding="UTF-8"?>
<testng-results skipped="0" failed="2" total="4" passed="2">
  <reporter-output>
  </reporter-output>
  <suite name="Suite" duration-ms="12280" started-at="2020-01-19T12:10:08Z" finished-at="2020-01-19T12:10:20Z">
    <groups>
    </groups>
    <test name="Test1" duration-ms="9142" started-at="2020-01-19T12:10:08Z" finished-at="2020-01-19T12:10:17Z">
      <class name="com.sample.bimbo.Fileupload">
        <test-method status="PASS" signature="display1()[pri:0, instance:com.sample.bimbo.Fileupload@59fa1d9b]" name="display1" duration-ms="9082" started-at="2020-01-19T17:40:08Z" finished-at="2020-01-19T17:40:17Z">
          <reporter-output>
          </reporter-output>
        </test-method> <!-- display1 -->
      </class> <!-- com.sample.bimbo.Fileupload -->
      <class name="com.sample.bimbo.FrameProgram">
        <test-method status="FAIL" signature="display3()[pri:0, instance:com.sample.bimbo.FrameProgram@1bce4f0a]" name="display3" duration-ms="4" started-at="2020-01-19T17:40:17Z" finished-at="2020-01-19T17:40:17Z">
          <exception class="java.lang.NullPointerException">
            <full-stacktrace>
              <![CDATA[java.lang.NullPointerException
	at com.sample.bimbo.FrameProgram.display3(FrameProgram.java:24)
	at sun.reflect.NativeMethodAccessorImpl.invoke0(Native Method)
	at sun.reflect.NativeMethodAccessorImpl.invoke(NativeMethodAccessorImpl.java:62)
	at sun.reflect.DelegatingMethodAccessorImpl.invoke(DelegatingMethodAccessorImpl.java:43)
	at java.lang.reflect.Method.invoke(Method.java:498)
	at org.testng.internal.MethodInvocationHelper.invokeMethod(MethodInvocationHelper.java:84)
	at org.testng.internal.Invoker.invokeMethod(Invoker.java:714)
	at org.testng.internal.Invoker.invokeTestMethod(Invoker.java:901)
	at org.testng.internal.Invoker.invokeTestMethods(Invoker.java:1231)
	at org.testng.internal.TestMethodWorker.invokeTestMethods(TestMethodWorker.java:127)
	at org.testng.internal.TestMethodWorker.run(TestMethodWorker.java:111)
	at org.testng.TestRunner.privateRun(TestRunner.java:767)
	at org.testng.TestRunner.run(TestRunner.java:617)
	at org.testng.SuiteRunner.runTest(SuiteRunner.java:334)
	at org.testng.SuiteRunner.access$000(SuiteRunner.java:37)
	at org.testng.SuiteRunner$SuiteWorker.run(SuiteRunner.java:368)
	at org.testng.internal.thread.ThreadUtil$2.call(ThreadUtil.java:64)
	at java.util.concurrent.FutureTask.run(FutureTask.java:266)
	at java.util.concurrent.ThreadPoolExecutor.runWorker(ThreadPoolExecutor.java:1142)
	at java.util.concurrent.ThreadPoolExecutor$Worker.run(ThreadPoolExecutor.java:617)
	at java.lang.Thread.run(Thread.java:745)
]]>
            </full-stacktrace>
          </exception> <!-- java.lang.NullPointerException -->
          <reporter-output>
          </reporter-output>
        </test-method> <!-- display3 -->
      </class> <!-- com.sample.bimbo.FrameProgram -->
    </test> <!-- Test1 -->
    <test name="Test2" duration-ms="12280" started-at="2020-01-19T12:10:08Z" finished-at="2020-01-19T12:10:20Z">
      <class name="com.sample.Test.IETesting">
        <test-method status="FAIL" signature="display()[pri:0, instance:com.sample.Test.IETesting@f6c48ac]" name="display" duration-ms="28" started-at="2020-01-19T17:40:08Z" finished-at="2020-01-19T17:40:08Z">
          <exception class="java.lang.NullPointerException">
            <full-stacktrace>
              <![CDATA[java.lang.NullPointerException
	at com.sample.Test.IETesting.display(IETesting.java:22)
	at sun.reflect.NativeMethodAccessorImpl.invoke0(Native Method)
	at sun.reflect.NativeMethodAccessorImpl.invoke(NativeMethodAccessorImpl.java:62)
	at sun.reflect.DelegatingMethodAccessorImpl.invoke(DelegatingMethodAccessorImpl.java:43)
	at java.lang.reflect.Method.invoke(Method.java:498)
	at org.testng.internal.MethodInvocationHelper.invokeMethod(MethodInvocationHelper.java:84)
	at org.testng.internal.Invoker.invokeMethod(Invoker.java:714)
	at org.testng.internal.Invoker.invokeTestMethod(Invoker.java:901)
	at org.testng.internal.Invoker.invokeTestMethods(Invoker.java:1231)
	at org.testng.internal.TestMethodWorker.invokeTestMethods(TestMethodWorker.java:127)
	at org.testng.internal.TestMethodWorker.run(TestMethodWorker.java:111)
	at org.testng.TestRunner.privateRun(TestRunner.java:767)
	at org.testng.TestRunner.run(TestRunner.java:617)
	at org.testng.SuiteRunner.runTest(SuiteRunner.java:334)
	at org.testng.SuiteRunner.access$000(SuiteRunner.java:37)
	at org.testng.SuiteRunner$SuiteWorker.run(SuiteRunner.java:368)
	at org.testng.internal.thread.ThreadUtil$2.call(ThreadUtil.java:64)
	at java.util.concurrent.FutureTask.run(FutureTask.java:266)
	at java.util.concurrent.ThreadPoolExecutor.runWorker(ThreadPoolExecutor.java:1142)
	at java.util.concurrent.ThreadPoolExecutor$Worker.run(ThreadPoolExecutor.java:617)
	at java.lang.Thread.run(Thread.java:745)
]]>
            </full-stacktrace>
          </exception> <!-- java.lang.NullPointerException -->
          <reporter-output>
          </reporter-output>
        </test-method> <!-- display -->
      </class> <!-- com.sample.Test.IETesting -->
      <class name="com.sample.Test.ScrollBar">
        <test-method status="PASS" signature="start()[pri:0, instance:com.sample.Test.ScrollBar@464bee09]" name="start" is-config="true" duration-ms="4701" started-at="2020-01-19T17:40:03Z" finished-at="2020-01-19T17:40:08Z">
          <reporter-output>
          </reporter-output>
        </test-method> <!-- start -->
        <test-method status="PASS" signature="display()[pri:0, instance:com.sample.Test.ScrollBar@464bee09]" name="display" duration-ms="12184" started-at="2020-01-19T17:40:08Z" finished-at="2020-01-19T17:40:20Z">
          <reporter-output>
          </reporter-output>
        </test-method> <!-- display -->
        <test-method status="PASS" signature="email()[pri:0, instance:com.sample.Test.ScrollBar@464bee09]" name="email" is-config="true" duration-ms="15351" started-at="2020-01-19T17:40:20Z" finished-at="2020-01-19T17:40:36Z">
          <reporter-output>
          </reporter-output>
        </test-method> <!-- email -->
      </class> <!-- com.sample.Test.ScrollBar -->
    </test> <!-- Test2 -->
  </suite> <!-- Suite -->
</testng-results>
