<?xml version="1.0" encoding="UTF-8"?>
<testng-results skipped="0" failed="0" total="2" passed="2">
  <reporter-output>
  </reporter-output>
  <suite name="Suite" duration-ms="15143" started-at="2020-01-23T13:48:15Z" finished-at="2020-01-23T13:48:30Z">
    <groups>
    </groups>
    <test name="Test2" duration-ms="15143" started-at="2020-01-23T13:48:15Z" finished-at="2020-01-23T13:48:30Z">
      <class name="com.sample.bimbo.Fileupload">
        <test-method status="PASS" signature="start(java.lang.String)[pri:0, instance:com.sample.bimbo.Fileupload@26653222]" name="start" is-config="true" duration-ms="5526" started-at="2020-01-23T19:18:15Z" finished-at="2020-01-23T19:18:21Z">
          <params>
            <param index="0">
              <value>
                <![CDATA[chrome]]>
              </value>
            </param>
          </params>
          <reporter-output>
          </reporter-output>
        </test-method> <!-- start -->
        <test-method status="PASS" signature="display1()[pri:0, instance:com.sample.bimbo.Fileupload@26653222]" name="display1" duration-ms="8242" started-at="2020-01-23T19:18:21Z" finished-at="2020-01-23T19:18:29Z">
          <reporter-output>
          </reporter-output>
        </test-method> <!-- display1 -->
        <test-method status="PASS" signature="email()[pri:0, instance:com.sample.bimbo.Fileupload@26653222]" name="email" is-config="true" duration-ms="1309" started-at="2020-01-23T19:18:29Z" finished-at="2020-01-23T19:18:30Z">
          <reporter-output>
          </reporter-output>
        </test-method> <!-- email -->
      </class> <!-- com.sample.bimbo.Fileupload -->
      <class name="com.sample.bimbo.FrameProgram">
        <test-method status="PASS" signature="start(java.lang.String)[pri:0, instance:com.sample.bimbo.FrameProgram@26be92ad]" name="start" is-config="true" duration-ms="5375" started-at="2020-01-23T19:18:15Z" finished-at="2020-01-23T19:18:21Z">
          <params>
            <param index="0">
              <value>
                <![CDATA[chrome]]>
              </value>
            </param>
          </params>
          <reporter-output>
          </reporter-output>
        </test-method> <!-- start -->
        <test-method status="PASS" signature="display3()[pri:0, instance:com.sample.bimbo.FrameProgram@26be92ad]" name="display3" duration-ms="7126" started-at="2020-01-23T19:18:21Z" finished-at="2020-01-23T19:18:28Z">
          <reporter-output>
          </reporter-output>
        </test-method> <!-- display3 -->
        <test-method status="PASS" signature="email()[pri:0, instance:com.sample.bimbo.FrameProgram@26be92ad]" name="email" is-config="true" duration-ms="1429" started-at="2020-01-23T19:18:28Z" finished-at="2020-01-23T19:18:29Z">
          <reporter-output>
          </reporter-output>
        </test-method> <!-- email -->
      </class> <!-- com.sample.bimbo.FrameProgram -->
    </test> <!-- Test2 -->
  </suite> <!-- Suite -->
</testng-results>
